<?xml version="1.0" encoding="UTF-8"?>
<!-- Generated by org.testng.reporters.JUnitReportReporter -->
<testsuite skipped="0" hostname="LAPTOP-GAI7BCGC" name="com.netcore.testScripts.SearchIphone" tests="1" failures="0" timestamp="21 May 2021 18:23:10 GMT" time="9.355" errors="0">
  <testcase name="Searchiphonetestcase" time="9.355" classname="com.netcore.testScripts.SearchIphone"/>
</testsuite> <!-- com.netcore.testScripts.SearchIphone -->
